2024-05-19 16:17:13 PM::info::/_next/webpack-hmr::f050bfd2-2046-4c45-9c33-aa35198b5f2e::input params::{}
2024-05-19 16:17:13 PM::error::/_next/webpack-hmr::f050bfd2-2046-4c45-9c33-aa35198b5f2e::undefined - NaNms - Response: {"name":"api error","message":"Not Found","ErrorID":1237,"data":404}::{"message":"Not Found"}
2024-05-19 16:17:15 PM::info::/_next/webpack-hmr::71c33321-7205-41f7-9bba-3571791d8f8c::input params::{}
2024-05-19 16:17:15 PM::error::/_next/webpack-hmr::71c33321-7205-41f7-9bba-3571791d8f8c::undefined - NaNms - Response: {"name":"api error","message":"Not Found","ErrorID":1237,"data":404}::{"message":"Not Found"}
2024-05-19 16:17:21 PM::info::/_next/webpack-hmr::a183dcb0-8b84-434b-99b3-baafc4552744::input params::{}
2024-05-19 16:17:21 PM::error::/_next/webpack-hmr::a183dcb0-8b84-434b-99b3-baafc4552744::undefined - NaNms - Response: {"name":"api error","message":"Not Found","ErrorID":1237,"data":404}::{"message":"Not Found"}
2024-05-19 16:17:27 PM::info::/_next/webpack-hmr::4202b29e-a359-4927-bf23-e0153cf5cc7e::input params::{}
2024-05-19 16:17:27 PM::error::/_next/webpack-hmr::4202b29e-a359-4927-bf23-e0153cf5cc7e::undefined - NaNms - Response: {"name":"api error","message":"Not Found","ErrorID":1237,"data":404}::{"message":"Not Found"}
2024-05-19 16:17:33 PM::info::/_next/webpack-hmr::ffb4b9f1-07e4-4c16-bc74-f6477d2537a2::input params::{}
2024-05-19 16:17:33 PM::error::/_next/webpack-hmr::ffb4b9f1-07e4-4c16-bc74-f6477d2537a2::undefined - NaNms - Response: {"name":"api error","message":"Not Found","ErrorID":1237,"data":404}::{"message":"Not Found"}
2024-05-19 16:17:39 PM::info::/_next/webpack-hmr::05f28722-8e1b-41c2-81d4-191ca7408d91::input params::{}
2024-05-19 16:17:39 PM::error::/_next/webpack-hmr::05f28722-8e1b-41c2-81d4-191ca7408d91::undefined - NaNms - Response: {"name":"api error","message":"Not Found","ErrorID":1237,"data":404}::{"message":"Not Found"}
2024-05-19 16:17:44 PM::info::/_next/webpack-hmr::44878f5f-036e-48a0-8235-712816e9ec2f::input params::{}
2024-05-19 16:17:44 PM::error::/_next/webpack-hmr::44878f5f-036e-48a0-8235-712816e9ec2f::undefined - NaNms - Response: {"name":"api error","message":"Not Found","ErrorID":1237,"data":404}::{"message":"Not Found"}
2024-05-19 16:17:49 PM::info::/_next/webpack-hmr::7c2902db-a798-4ba1-9da1-e004c5475d31::input params::{}
2024-05-19 16:17:49 PM::error::/_next/webpack-hmr::7c2902db-a798-4ba1-9da1-e004c5475d31::undefined - NaNms - Response: {"name":"api error","message":"Not Found","ErrorID":1237,"data":404}::{"message":"Not Found"}
2024-05-19 16:17:55 PM::info::/_next/webpack-hmr::4e4b70cc-bcf9-4d7f-871a-3013bda5ec5e::input params::{}
2024-05-19 16:17:55 PM::error::/_next/webpack-hmr::4e4b70cc-bcf9-4d7f-871a-3013bda5ec5e::undefined - NaNms - Response: {"name":"api error","message":"Not Found","ErrorID":1237,"data":404}::{"message":"Not Found"}
2024-05-19 16:18:01 PM::info::/_next/webpack-hmr::49169b64-ef42-4295-a704-0596db09facf::input params::{}
2024-05-19 16:18:01 PM::error::/_next/webpack-hmr::49169b64-ef42-4295-a704-0596db09facf::undefined - NaNms - Response: {"name":"api error","message":"Not Found","ErrorID":1237,"data":404}::{"message":"Not Found"}
2024-05-19 16:18:07 PM::info::/_next/webpack-hmr::de6b575f-bf04-49e1-be10-0fcfaa0453ae::input params::{}
2024-05-19 16:18:07 PM::error::/_next/webpack-hmr::de6b575f-bf04-49e1-be10-0fcfaa0453ae::undefined - NaNms - Response: {"name":"api error","message":"Not Found","ErrorID":1237,"data":404}::{"message":"Not Found"}
2024-05-19 16:18:13 PM::info::/_next/webpack-hmr::e33653d8-71c6-4b1c-9d10-4f55c8d8c978::input params::{}
2024-05-19 16:18:13 PM::error::/_next/webpack-hmr::e33653d8-71c6-4b1c-9d10-4f55c8d8c978::undefined - NaNms - Response: {"name":"api error","message":"Not Found","ErrorID":1237,"data":404}::{"message":"Not Found"}
2024-05-19 16:18:20 PM::error::/_next/webpack-hmr::0037d2a0-1823-4029-9fb4-eb804085f280::undefined - NaNms - Response: {"name":"api error","message":"Not Found","ErrorID":1237,"data":404}::{"message":"Not Found"}
2024-05-19 16:18:20 PM::info::/_next/webpack-hmr::0037d2a0-1823-4029-9fb4-eb804085f280::input params::{}
2024-05-19 16:18:28 PM::info::/_next/webpack-hmr::5a77e382-23e4-49e0-8f61-0ebe4ab70964::input params::{}
2024-05-19 16:18:28 PM::error::/_next/webpack-hmr::5a77e382-23e4-49e0-8f61-0ebe4ab70964::undefined - NaNms - Response: {"name":"api error","message":"Not Found","ErrorID":1237,"data":404}::{"message":"Not Found"}
2024-05-19 16:18:37 PM::info::/_next/webpack-hmr::d794032f-59d4-4165-b267-a409566bcea2::input params::{}
2024-05-19 16:18:37 PM::error::/_next/webpack-hmr::d794032f-59d4-4165-b267-a409566bcea2::undefined - NaNms - Response: {"name":"api error","message":"Not Found","ErrorID":1237,"data":404}::{"message":"Not Found"}
2024-05-19 16:18:45 PM::info::/_next/webpack-hmr::56b0bcf3-5170-4f4b-9349-0f2ce7e81725::input params::{}
2024-05-19 16:18:45 PM::error::/_next/webpack-hmr::56b0bcf3-5170-4f4b-9349-0f2ce7e81725::undefined - NaNms - Response: {"name":"api error","message":"Not Found","ErrorID":1237,"data":404}::{"message":"Not Found"}
2024-05-19 16:19:00 PM::info::/v1/api/discord/test::111::input params::{"message":"BOT LỎ VCL"}
2024-05-19 16:19:01 PM::error::/v1/api/discord/test::111::undefined - NaNms - Response: {"name":"TokenExpiredError","message":"jwt expired","expiredAt":"2024-05-18T14:23:48.000Z"}::{"message":"jwt expired"}
2024-05-19 16:19:21 PM::info::/v1/api/user/signup::a64e4126-c9fc-45ac-b401-8b268dd0857b::input params::{"email":"hieu12","password":"123123"}
2024-05-19 16:19:30 PM::info::/v1/api/user/login::111::input params::{"email":"hieu12","password":"123123"}
2024-05-19 16:19:48 PM::info::/v1/api/discord/test::111::input params::{"message":"BOT LỎ VCL"}
2024-05-19 16:20:59 PM::error::/v1/api/user/login::111::403 - 2ms - Response: {"status":403,"now":1716110459197}::{"message":"Email missing"}
2024-05-19 16:20:59 PM::info::/v1/api/user/login::111::input params::{"password":"123123"}
2024-05-19 16:29:37 PM::info::/v1/api/user/login::111::input params::{"password":"123123"}
2024-05-19 16:29:37 PM::error::/v1/api/user/login::111::403 - 2ms - Response: {"status":403,"now":1716110977852}::{"message":"Email missing"}
2024-05-19 16:29:50 PM::info::/v1/api/user/login::111::input params::{"password":"123123"}
2024-05-19 16:29:50 PM::error::/v1/api/user/login::111::403 - 3ms - Response: {"status":403,"now":1716110990419}::{"message":"Email missing"}
2024-05-19 16:30:11 PM::info::/v1/api/user/login::111::input params::{"password":"123123"}
2024-05-19 16:30:11 PM::error::/v1/api/user/login::111::403 - 2ms - Response: {"status":403,"now":1716111011740}::{"message":"Email missing"}
2024-05-19 16:30:17 PM::info::/v1/api/user/login::111::input params::{"password":"123123"}
2024-05-19 16:30:17 PM::error::/v1/api/user/login::111::403 - 3ms - Response: {"status":403,"now":1716111017552}::{"message":"Email missing"}
2024-05-19 16:30:23 PM::info::/v1/api/user/login::111::input params::{"password":"123123"}
2024-05-19 16:30:23 PM::error::/v1/api/user/login::111::403 - 2ms - Response: {"status":403,"now":1716111023332}::{"message":"Email missing"}
2024-05-19 16:41:53 PM::info::/v1/api/user/login::111::input params::{"password":"123123"}
2024-05-19 16:41:53 PM::error::/v1/api/user/login::111::403 - 1ms - Response: {"status":403,"now":1716111713535}::{"message":"Email missing"}
2024-05-19 16:51:49 PM::info::/v1/api/user/login::111::input params::{"password":"123123"}
2024-05-19 16:51:49 PM::error::/v1/api/user/login::111::403 - 1ms - Response: {"status":403,"now":1716112309361}::{"message":"Email missing"}
2024-05-19 16:52:06 PM::info::/v1/api/user/login::111::input params::{"password":"123123"}
2024-05-19 16:52:06 PM::error::/v1/api/user/login::111::403 - 2ms - Response: {"status":403,"now":1716112326321}::{"message":"Email missing"}
2024-05-19 16:54:54 PM::info::/v1/api/user/login::111::input params::{"password":"123123"}
2024-05-19 16:54:54 PM::error::/v1/api/user/login::111::403 - 2ms - Response: {"status":403,"now":1716112494862}::{"message":"Email missing"}
